android/app/build/intermediates/manifest_merge_blame_file/debug/manifest-merger-blame-debug-report.txt
1<?xml version="1.0" encoding="utf-8"?>
2<manifest xmlns:android="http://schemas.android.com/apk/res/android"
3    package="com.remoteapps"
4    android:versionCode="1"
5    android:versionName="1.0" >
6
7    <uses-sdk
8        android:minSdkVersion="16"
9        android:targetSdkVersion="27" />
10
11    <uses-permission android:name="android.permission.SYSTEM_ALERT_WINDOW" />
11-->src/debug/AndroidManifest.xml:5:5-77
11-->src/debug/AndroidManifest.xml:5:22-75
12    <uses-permission android:name="android.permission.INTERNET" />
12-->src/main/AndroidManifest.xml:4:5-67
12-->src/main/AndroidManifest.xml:4:22-64
13    <uses-permission android:name="android.permission.CAMERA" />
13-->src/main/AndroidManifest.xml:5:5-64
13-->src/main/AndroidManifest.xml:5:22-62
14
15    <uses-feature
15-->src/main/AndroidManifest.xml:6:5-85
16        android:name="android.hardware.camera"
16-->src/main/AndroidManifest.xml:6:19-57
17        android:required="false" />
17-->src/main/AndroidManifest.xml:6:58-82
18    <uses-feature
18-->src/main/AndroidManifest.xml:7:5-91
19        android:name="android.hardware.camera.front"
19-->src/main/AndroidManifest.xml:7:19-63
20        android:required="false" />
20-->src/main/AndroidManifest.xml:7:64-88
21
22    <uses-permission android:name="android.permission.ACCESS_WIFI_STATE" />
22-->[com.facebook.flipper:flipper:0.54.0] AndroidManifest.xml:16:5-76
22-->[com.facebook.flipper:flipper:0.54.0] AndroidManifest.xml:16:22-73
23
24    <queries>
24-->[:react-native-image-crop-picker] AndroidManifest.xml:10:5-14:15
25        <intent>
25-->[:react-native-image-crop-picker] AndroidManifest.xml:11:9-13:18
26            <action android:name="android.media.action.IMAGE_CAPTURE" />
26-->[:react-native-image-crop-picker] AndroidManifest.xml:12:13-73
26-->[:react-native-image-crop-picker] AndroidManifest.xml:12:21-70
27        </intent>
28    </queries>
29
30    <uses-permission android:name="android.permission.WRITE_EXTERNAL_STORAGE" />
30-->[:react-native-image-crop-picker] AndroidManifest.xml:16:5-81
30-->[:react-native-image-crop-picker] AndroidManifest.xml:16:22-78
31
32    <application
32-->src/main/AndroidManifest.xml:9:5-28:19
33        android:name="com.remoteapps.MainApplication"
33-->src/main/AndroidManifest.xml:10:7-38
34        android:allowBackup="false"
34-->src/main/AndroidManifest.xml:14:7-34
35        android:appComponentFactory="androidx.core.app.CoreComponentFactory"
35-->[androidx.core:core:1.1.0] AndroidManifest.xml:24:18-86
36        android:debuggable="true"
37        android:icon="@mipmap/ic_launcher"
37-->src/main/AndroidManifest.xml:12:7-41
38        android:label="@string/app_name"
38-->src/main/AndroidManifest.xml:11:7-39
39        android:roundIcon="@mipmap/ic_launcher_round"
39-->src/main/AndroidManifest.xml:13:7-52
40        android:theme="@style/AppTheme"
40-->src/main/AndroidManifest.xml:15:7-38
41        android:usesCleartextTraffic="true" >
41-->src/debug/AndroidManifest.xml:7:18-53
42        <activity
42-->src/main/AndroidManifest.xml:16:7-26:18
43            android:name="com.remoteapps.MainActivity"
43-->src/main/AndroidManifest.xml:17:9-37
44            android:configChanges="keyboard|keyboardHidden|orientation|screenSize|uiMode"
44-->src/main/AndroidManifest.xml:19:9-86
45            android:label="@string/app_name"
45-->src/main/AndroidManifest.xml:18:9-41
46            android:launchMode="singleTask"
46-->src/main/AndroidManifest.xml:20:9-40
47            android:windowSoftInputMode="adjustResize" >
47-->src/main/AndroidManifest.xml:21:9-51
48            <intent-filter>
48-->src/main/AndroidManifest.xml:22:9-25:25
49                <action android:name="android.intent.action.MAIN" />
49-->src/main/AndroidManifest.xml:23:13-65
49-->src/main/AndroidManifest.xml:23:21-62
50
51                <category android:name="android.intent.category.LAUNCHER" />
51-->src/main/AndroidManifest.xml:24:13-73
51-->src/main/AndroidManifest.xml:24:23-70
52            </intent-filter>
53        </activity>
54        <activity android:name="com.facebook.react.devsupport.DevSettingsActivity" />
54-->src/main/AndroidManifest.xml:27:7-84
54-->src/main/AndroidManifest.xml:27:17-81
55
56        <provider
56-->[:react-native-image-crop-picker] AndroidManifest.xml:19:9-27:20
57            android:name="androidx.core.content.FileProvider"
57-->[:react-native-image-crop-picker] AndroidManifest.xml:20:13-62
58            android:authorities="com.remoteapps.provider"
58-->[:react-native-image-crop-picker] AndroidManifest.xml:21:13-60
59            android:exported="false"
59-->[:react-native-image-crop-picker] AndroidManifest.xml:22:13-37
60            android:grantUriPermissions="true" >
60-->[:react-native-image-crop-picker] AndroidManifest.xml:23:13-47
61            <meta-data
61-->[:react-native-image-crop-picker] AndroidManifest.xml:24:13-26:58
62                android:name="android.support.FILE_PROVIDER_PATHS"
62-->[:react-native-image-crop-picker] AndroidManifest.xml:25:17-67
63                android:resource="@xml/provider_paths" />
63-->[:react-native-image-crop-picker] AndroidManifest.xml:26:17-55
64        </provider>
65
66        <activity
66-->[:react-native-image-crop-picker] AndroidManifest.xml:29:9-31:72
67            android:name="com.yalantis.ucrop.UCropActivity"
67-->[:react-native-image-crop-picker] AndroidManifest.xml:30:13-60
68            android:theme="@style/Theme.AppCompat.Light.NoActionBar" />
68-->[:react-native-image-crop-picker] AndroidManifest.xml:31:13-69
69    </application>
70
71</manifest>